<?xml version="1.0" encoding="UTF-8"?>
<testsuite name="demoWS.HomePageTests" tests="1" skipped="0" failures="0" errors="0" timestamp="2023-09-10T18:44:24" hostname="SIDAN" time="0.087">
  <properties/>
  <testcase name="isHomeComponentPresentTest" classname="demoWS.HomePageTests" time="0.087"/>
  <system-out><![CDATA[]]></system-out>
  <system-err><![CDATA[]]></system-err>
</testsuite>
