<?xml version="1.0" encoding="UTF-8"?>
<testsuite name="demoWS.LoginTest" tests="1" skipped="0" failures="0" errors="0" timestamp="2023-09-10T18:44:24" hostname="SIDAN" time="1.996">
  <properties/>
  <testcase name="loginPositiveTest" classname="demoWS.LoginTest" time="1.996"/>
  <system-out><![CDATA[]]></system-out>
  <system-err><![CDATA[]]></system-err>
</testsuite>
