<?xml version="1.0" encoding="UTF-8"?>
<testsuite name="demoWS.CreateNewUserTests" tests="1" skipped="0" failures="0" errors="0" timestamp="2023-09-10T18:44:27" hostname="SIDAN" time="2.212">
  <properties/>
  <testcase name="createExistedUserNegativeTest" classname="demoWS.CreateNewUserTests" time="2.212"/>
  <system-out><![CDATA[]]></system-out>
  <system-err><![CDATA[]]></system-err>
</testsuite>
