<?xml version="1.0" encoding="UTF-8"?>
<testsuite name="com.ait.phonebook.HomePageTests" tests="1" skipped="0" failures="0" errors="0" timestamp="2023-09-06T17:57:22" hostname="SIDAN" time="0.092">
  <properties/>
  <testcase name="isHomeComponentPresentTest" classname="com.ait.phonebook.HomePageTests" time="0.092"/>
  <system-out><![CDATA[]]></system-out>
  <system-err><![CDATA[]]></system-err>
</testsuite>
